0 _ £ l firstIcon
0 0 0 l firstIcon
0 1 1 l firstIcon
firstIcon _ ¢ r step
step _ £ l returnFirst
step 0 0 r step
step 1 1 r step
step £ £ r step
returnFirst £ £ l returnFirst
returnFirst 0 0 l returnFirst
returnFirst 1 1 l returnFirst
returnFirst ¢ £ r 0init
0init 1 U r 1
0init 0 Z r 1
0init _ £ r halt-reject
0init £ £ r halt-reject
1 * * r 1
1 _ £ l 2
1 £ £ l 2
2 * * l 3
2 U U l halt-reject
2 Z Z l halt-reject
3 * * l 4
3 Z Z l halt-reject
3 U U l halt-reject
4 * * l 5
4 U U l halt-reject
4 Z Z l halt-reject
5 1 1 r halt-accept
5 U U r halt-accept
5 * * r halt-reject
